12:14:05.225 [kground-preinit] INFO  alidator.internal.util.Version - HV000001: Hibernate Validator 8.0.1.Final
12:14:05.269 [main           ] INFO  ple.deposit.DepositApplication - Starting DepositApplication using Java 17.0.11 with PID 8900 (C:\Users\EIPospelova\IdeaProjects\template-deposit-vtb\app\build\classes\java\main started by EIPospelova in C:\Users\EIPospelova\IdeaProjects\template-deposit-vtb)
12:14:05.269 [main           ] INFO  ple.deposit.DepositApplication - No active profile set, falling back to 1 default profile: "default"
12:14:06.298 [main           ] INFO  epositoryConfigurationDelegate - Multiple Spring Data modules found, entering strict repository configuration mode
12:14:06.299 [main           ] INFO  epositoryConfigurationDelegate - Bootstrapping Spring Data JDBC repositories in DEFAULT mode.
12:14:06.327 [main           ] INFO  yConfigurationExtensionSupport - Spring Data JDBC - Could not safely identify store assignment for repository candidate interface com.example.deposit.repository.RequestRepository; If you want this repository to be a JDBC repository, consider annotating your entities with one of these annotations: org.springframework.data.relational.core.mapping.Table.
12:14:06.328 [main           ] INFO  epositoryConfigurationDelegate - Finished Spring Data repository scanning in 25 ms. Found 0 JDBC repository interfaces.
12:14:06.334 [main           ] INFO  epositoryConfigurationDelegate - Multiple Spring Data modules found, entering strict repository configuration mode
12:14:06.335 [main           ] INFO  epositoryConfigurationDelegate - Bootstrapping Spring Data JPA repositories in DEFAULT mode.
12:14:06.356 [main           ] INFO  epositoryConfigurationDelegate - Finished Spring Data repository scanning in 18 ms. Found 1 JPA repository interface.
12:14:06.971 [main           ] INFO  mbedded.tomcat.TomcatWebServer - Tomcat initialized with port 8080 (http)
12:14:06.980 [main           ] INFO  oyote.http11.Http11NioProtocol - Initializing ProtocolHandler ["http-nio-8080"]
12:14:06.982 [main           ] INFO  .catalina.core.StandardService - Starting service [Tomcat]
12:14:06.982 [main           ] INFO  e.catalina.core.StandardEngine - Starting Servlet engine: [Apache Tomcat/10.1.20]
12:14:07.044 [main           ] INFO  rBase.[Tomcat].[localhost].[/] - Initializing Spring embedded WebApplicationContext
12:14:07.044 [main           ] INFO  letWebServerApplicationContext - Root WebApplicationContext: initialization completed in 1736 ms
12:14:07.259 [main           ] INFO  zaxxer.hikari.HikariDataSource - pg-deposit-pool - Starting...
12:14:07.377 [main           ] INFO  .zaxxer.hikari.pool.HikariPool - pg-deposit-pool - Added connection org.postgresql.jdbc.PgConnection@59014efe
12:14:07.379 [main           ] INFO  zaxxer.hikari.HikariDataSource - pg-deposit-pool - Start completed.
12:14:07.809 [main           ] INFO  liquibase.changelog            - Reading from public.databasechangelog
12:14:07.842 [main           ] INFO  liquibase.changelog            - Reading from public.databasechangelog
12:14:07.846 [main           ] INFO  liquibase.util                 - UPDATE SUMMARY
12:14:07.846 [main           ] INFO  liquibase.util                 - Run:                          0
12:14:07.846 [main           ] INFO  liquibase.util                 - Previously run:               1
12:14:07.846 [main           ] INFO  liquibase.util                 - Filtered out:                 0
12:14:07.846 [main           ] INFO  liquibase.util                 - -------------------------------
12:14:07.846 [main           ] INFO  liquibase.util                 - Total change sets:            1
12:14:07.846 [main           ] INFO  liquibase.util                 - Update summary generated
12:14:07.865 [main           ] INFO  liquibase.lockservice          - Successfully released change log lock
12:14:07.866 [main           ] INFO  liquibase.command              - Command execution complete
12:14:07.951 [main           ] INFO  te.jpa.internal.util.LogHelper - HHH000204: Processing PersistenceUnitInfo [name: default]
12:14:08.052 [main           ] INFO  org.hibernate.Version          - HHH000412: Hibernate ORM core version 6.4.4.Final
12:14:08.095 [main           ] INFO  nternal.RegionFactoryInitiator - HHH000026: Second-level cache disabled
12:14:08.345 [main           ] INFO  unit.SpringPersistenceUnitInfo - No LoadTimeWeaver setup: ignoring JPA class transformer
12:14:09.160 [main           ] INFO  .internal.JtaPlatformInitiator - HHH000489: No JTA platform available (set 'hibernate.transaction.jta.platform' to enable JTA platform integration)
12:14:09.163 [main           ] INFO  tainerEntityManagerFactoryBean - Initialized JPA EntityManagerFactory for persistence unit 'default'
12:14:09.787 [main           ] WARN  figuration$JpaWebConfiguration - spring.jpa.open-in-view is enabled by default. Therefore, database queries may be performed during view rendering. Explicitly configure spring.jpa.open-in-view to disable this warning
12:14:10.961 [main           ] INFO  oint.web.EndpointLinksResolver - Exposing 1 endpoint(s) beneath base path '/actuator'
12:14:11.037 [main           ] INFO  oyote.http11.Http11NioProtocol - Starting ProtocolHandler ["http-nio-8080"]
12:14:11.056 [main           ] INFO  mbedded.tomcat.TomcatWebServer - Tomcat started on port 8080 (http) with context path ''
12:14:11.299 [main           ] INFO  pl.engine.AbstractCamelContext - Apache Camel 4.5.0 (camel-1) is starting
12:14:11.336 [main           ] INFO  lients.producer.ProducerConfig - ProducerConfig values: 
	acks = -1
	auto.include.jmx.reporter = true
	batch.size = 16384
	bootstrap.servers = [localhost:29092]
	buffer.memory = 33554432
	client.dns.lookup = use_all_dns_ips
	client.id = producer-1
	compression.type = none
	connections.max.idle.ms = 540000
	delivery.timeout.ms = 120000
	enable.idempotence = true
	interceptor.classes = []
	key.serializer = class org.apache.kafka.common.serialization.StringSerializer
	linger.ms = 0
	max.block.ms = 60000
	max.in.flight.requests.per.connection = 5
	max.request.size = 1048576
	metadata.max.age.ms = 300000
	metadata.max.idle.ms = 300000
	metric.reporters = []
	metrics.num.samples = 2
	metrics.recording.level = INFO
	metrics.sample.window.ms = 30000
	partitioner.adaptive.partitioning.enable = true
	partitioner.availability.timeout.ms = 0
	partitioner.class = null
	partitioner.ignore.keys = false
	receive.buffer.bytes = 65536
	reconnect.backoff.max.ms = 1000
	reconnect.backoff.ms = 50
	request.timeout.ms = 30000
	retries = 2147483647
	retry.backoff.ms = 100
	sasl.client.callback.handler.class = null
	sasl.jaas.config = null
	sasl.kerberos.kinit.cmd = /usr/bin/kinit
	sasl.kerberos.min.time.before.relogin = 60000
	sasl.kerberos.service.name = null
	sasl.kerberos.ticket.renew.jitter = 0.05
	sasl.kerberos.ticket.renew.window.factor = 0.8
	sasl.login.callback.handler.class = null
	sasl.login.class = null
	sasl.login.connect.timeout.ms = null
	sasl.login.read.timeout.ms = null
	sasl.login.refresh.buffer.seconds = 300
	sasl.login.refresh.min.period.seconds = 60
	sasl.login.refresh.window.factor = 0.8
	sasl.login.refresh.window.jitter = 0.05
	sasl.login.retry.backoff.max.ms = 10000
	sasl.login.retry.backoff.ms = 100
	sasl.mechanism = GSSAPI
	sasl.oauthbearer.clock.skew.seconds = 30
	sasl.oauthbearer.expected.audience = null
	sasl.oauthbearer.expected.issuer = null
	sasl.oauthbearer.jwks.endpoint.refresh.ms = 3600000
	sasl.oauthbearer.jwks.endpoint.retry.backoff.max.ms = 10000
	sasl.oauthbearer.jwks.endpoint.retry.backoff.ms = 100
	sasl.oauthbearer.jwks.endpoint.url = null
	sasl.oauthbearer.scope.claim.name = scope
	sasl.oauthbearer.sub.claim.name = sub
	sasl.oauthbearer.token.endpoint.url = null
	security.protocol = PLAINTEXT
	security.providers = null
	send.buffer.bytes = 131072
	socket.connection.setup.timeout.max.ms = 30000
	socket.connection.setup.timeout.ms = 10000
	ssl.cipher.suites = null
	ssl.enabled.protocols = [TLSv1.2, TLSv1.3]
	ssl.endpoint.identification.algorithm = https
	ssl.engine.factory.class = null
	ssl.key.password = null
	ssl.keymanager.algorithm = SunX509
	ssl.keystore.certificate.chain = null
	ssl.keystore.key = null
	ssl.keystore.location = null
	ssl.keystore.password = null
	ssl.keystore.type = JKS
	ssl.protocol = TLSv1.3
	ssl.provider = null
	ssl.secure.random.implementation = null
	ssl.trustmanager.algorithm = PKIX
	ssl.truststore.certificates = null
	ssl.truststore.location = null
	ssl.truststore.password = null
	ssl.truststore.type = JKS
	transaction.timeout.ms = 60000
	transactional.id = null
	value.serializer = class org.apache.kafka.common.serialization.StringSerializer

12:14:11.361 [main           ] INFO  clients.producer.KafkaProducer - [Producer clientId=producer-1] Instantiated an idempotent producer.
12:14:11.399 [main           ] INFO  fka.common.utils.AppInfoParser - Kafka version: 3.6.2
12:14:11.399 [main           ] INFO  fka.common.utils.AppInfoParser - Kafka commitId: c4deed513057c94e
12:14:11.399 [main           ] INFO  fka.common.utils.AppInfoParser - Kafka startTimeMs: 1715591651398
12:14:11.405 [main           ] INFO  lients.producer.ProducerConfig - ProducerConfig values: 
	acks = -1
	auto.include.jmx.reporter = true
	batch.size = 16384
	bootstrap.servers = [localhost:29092]
	buffer.memory = 33554432
	client.dns.lookup = use_all_dns_ips
	client.id = producer-2
	compression.type = none
	connections.max.idle.ms = 540000
	delivery.timeout.ms = 120000
	enable.idempotence = true
	interceptor.classes = []
	key.serializer = class org.apache.kafka.common.serialization.StringSerializer
	linger.ms = 0
	max.block.ms = 60000
	max.in.flight.requests.per.connection = 5
	max.request.size = 1048576
	metadata.max.age.ms = 300000
	metadata.max.idle.ms = 300000
	metric.reporters = []
	metrics.num.samples = 2
	metrics.recording.level = INFO
	metrics.sample.window.ms = 30000
	partitioner.adaptive.partitioning.enable = true
	partitioner.availability.timeout.ms = 0
	partitioner.class = null
	partitioner.ignore.keys = false
	receive.buffer.bytes = 65536
	reconnect.backoff.max.ms = 1000
	reconnect.backoff.ms = 50
	request.timeout.ms = 30000
	retries = 2147483647
	retry.backoff.ms = 100
	sasl.client.callback.handler.class = null
	sasl.jaas.config = null
	sasl.kerberos.kinit.cmd = /usr/bin/kinit
	sasl.kerberos.min.time.before.relogin = 60000
	sasl.kerberos.service.name = null
	sasl.kerberos.ticket.renew.jitter = 0.05
	sasl.kerberos.ticket.renew.window.factor = 0.8
	sasl.login.callback.handler.class = null
	sasl.login.class = null
	sasl.login.connect.timeout.ms = null
	sasl.login.read.timeout.ms = null
	sasl.login.refresh.buffer.seconds = 300
	sasl.login.refresh.min.period.seconds = 60
	sasl.login.refresh.window.factor = 0.8
	sasl.login.refresh.window.jitter = 0.05
	sasl.login.retry.backoff.max.ms = 10000
	sasl.login.retry.backoff.ms = 100
	sasl.mechanism = GSSAPI
	sasl.oauthbearer.clock.skew.seconds = 30
	sasl.oauthbearer.expected.audience = null
	sasl.oauthbearer.expected.issuer = null
	sasl.oauthbearer.jwks.endpoint.refresh.ms = 3600000
	sasl.oauthbearer.jwks.endpoint.retry.backoff.max.ms = 10000
	sasl.oauthbearer.jwks.endpoint.retry.backoff.ms = 100
	sasl.oauthbearer.jwks.endpoint.url = null
	sasl.oauthbearer.scope.claim.name = scope
	sasl.oauthbearer.sub.claim.name = sub
	sasl.oauthbearer.token.endpoint.url = null
	security.protocol = PLAINTEXT
	security.providers = null
	send.buffer.bytes = 131072
	socket.connection.setup.timeout.max.ms = 30000
	socket.connection.setup.timeout.ms = 10000
	ssl.cipher.suites = null
	ssl.enabled.protocols = [TLSv1.2, TLSv1.3]
	ssl.endpoint.identification.algorithm = https
	ssl.engine.factory.class = null
	ssl.key.password = null
	ssl.keymanager.algorithm = SunX509
	ssl.keystore.certificate.chain = null
	ssl.keystore.key = null
	ssl.keystore.location = null
	ssl.keystore.password = null
	ssl.keystore.type = JKS
	ssl.protocol = TLSv1.3
	ssl.provider = null
	ssl.secure.random.implementation = null
	ssl.trustmanager.algorithm = PKIX
	ssl.truststore.certificates = null
	ssl.truststore.location = null
	ssl.truststore.password = null
	ssl.truststore.type = JKS
	transaction.timeout.ms = 60000
	transactional.id = null
	value.serializer = class org.apache.kafka.common.serialization.StringSerializer

12:14:11.406 [main           ] INFO  clients.producer.KafkaProducer - [Producer clientId=producer-2] Instantiated an idempotent producer.
12:14:11.410 [main           ] INFO  fka.common.utils.AppInfoParser - Kafka version: 3.6.2
12:14:11.410 [main           ] INFO  fka.common.utils.AppInfoParser - Kafka commitId: c4deed513057c94e
12:14:11.410 [main           ] INFO  fka.common.utils.AppInfoParser - Kafka startTimeMs: 1715591651410
12:14:11.411 [main           ] INFO  lients.producer.ProducerConfig - ProducerConfig values: 
	acks = -1
	auto.include.jmx.reporter = true
	batch.size = 16384
	bootstrap.servers = [localhost:29092]
	buffer.memory = 33554432
	client.dns.lookup = use_all_dns_ips
	client.id = producer-3
	compression.type = none
	connections.max.idle.ms = 540000
	delivery.timeout.ms = 120000
	enable.idempotence = true
	interceptor.classes = []
	key.serializer = class org.apache.kafka.common.serialization.StringSerializer
	linger.ms = 0
	max.block.ms = 60000
	max.in.flight.requests.per.connection = 5
	max.request.size = 1048576
	metadata.max.age.ms = 300000
	metadata.max.idle.ms = 300000
	metric.reporters = []
	metrics.num.samples = 2
	metrics.recording.level = INFO
	metrics.sample.window.ms = 30000
	partitioner.adaptive.partitioning.enable = true
	partitioner.availability.timeout.ms = 0
	partitioner.class = null
	partitioner.ignore.keys = false
	receive.buffer.bytes = 65536
	reconnect.backoff.max.ms = 1000
	reconnect.backoff.ms = 50
	request.timeout.ms = 30000
	retries = 2147483647
	retry.backoff.ms = 100
	sasl.client.callback.handler.class = null
	sasl.jaas.config = null
	sasl.kerberos.kinit.cmd = /usr/bin/kinit
	sasl.kerberos.min.time.before.relogin = 60000
	sasl.kerberos.service.name = null
	sasl.kerberos.ticket.renew.jitter = 0.05
	sasl.kerberos.ticket.renew.window.factor = 0.8
	sasl.login.callback.handler.class = null
	sasl.login.class = null
	sasl.login.connect.timeout.ms = null
	sasl.login.read.timeout.ms = null
	sasl.login.refresh.buffer.seconds = 300
	sasl.login.refresh.min.period.seconds = 60
	sasl.login.refresh.window.factor = 0.8
	sasl.login.refresh.window.jitter = 0.05
	sasl.login.retry.backoff.max.ms = 10000
	sasl.login.retry.backoff.ms = 100
	sasl.mechanism = GSSAPI
	sasl.oauthbearer.clock.skew.seconds = 30
	sasl.oauthbearer.expected.audience = null
	sasl.oauthbearer.expected.issuer = null
	sasl.oauthbearer.jwks.endpoint.refresh.ms = 3600000
	sasl.oauthbearer.jwks.endpoint.retry.backoff.max.ms = 10000
	sasl.oauthbearer.jwks.endpoint.retry.backoff.ms = 100
	sasl.oauthbearer.jwks.endpoint.url = null
	sasl.oauthbearer.scope.claim.name = scope
	sasl.oauthbearer.sub.claim.name = sub
	sasl.oauthbearer.token.endpoint.url = null
	security.protocol = PLAINTEXT
	security.providers = null
	send.buffer.bytes = 131072
	socket.connection.setup.timeout.max.ms = 30000
	socket.connection.setup.timeout.ms = 10000
	ssl.cipher.suites = null
	ssl.enabled.protocols = [TLSv1.2, TLSv1.3]
	ssl.endpoint.identification.algorithm = https
	ssl.engine.factory.class = null
	ssl.key.password = null
	ssl.keymanager.algorithm = SunX509
	ssl.keystore.certificate.chain = null
	ssl.keystore.key = null
	ssl.keystore.location = null
	ssl.keystore.password = null
	ssl.keystore.type = JKS
	ssl.protocol = TLSv1.3
	ssl.provider = null
	ssl.secure.random.implementation = null
	ssl.trustmanager.algorithm = PKIX
	ssl.truststore.certificates = null
	ssl.truststore.location = null
	ssl.truststore.password = null
	ssl.truststore.type = JKS
	transaction.timeout.ms = 60000
	transactional.id = null
	value.serializer = class org.apache.kafka.common.serialization.StringSerializer

12:14:11.411 [main           ] INFO  clients.producer.KafkaProducer - [Producer clientId=producer-3] Instantiated an idempotent producer.
12:14:11.414 [main           ] INFO  fka.common.utils.AppInfoParser - Kafka version: 3.6.2
12:14:11.414 [main           ] INFO  fka.common.utils.AppInfoParser - Kafka commitId: c4deed513057c94e
12:14:11.414 [main           ] INFO  fka.common.utils.AppInfoParser - Kafka startTimeMs: 1715591651414
12:14:11.415 [main           ] INFO  lients.producer.ProducerConfig - ProducerConfig values: 
	acks = -1
	auto.include.jmx.reporter = true
	batch.size = 16384
	bootstrap.servers = [localhost:29092]
	buffer.memory = 33554432
	client.dns.lookup = use_all_dns_ips
	client.id = producer-4
	compression.type = none
	connections.max.idle.ms = 540000
	delivery.timeout.ms = 120000
	enable.idempotence = true
	interceptor.classes = []
	key.serializer = class org.apache.kafka.common.serialization.StringSerializer
	linger.ms = 0
	max.block.ms = 60000
	max.in.flight.requests.per.connection = 5
	max.request.size = 1048576
	metadata.max.age.ms = 300000
	metadata.max.idle.ms = 300000
	metric.reporters = []
	metrics.num.samples = 2
	metrics.recording.level = INFO
	metrics.sample.window.ms = 30000
	partitioner.adaptive.partitioning.enable = true
	partitioner.availability.timeout.ms = 0
	partitioner.class = null
	partitioner.ignore.keys = false
	receive.buffer.bytes = 65536
	reconnect.backoff.max.ms = 1000
	reconnect.backoff.ms = 50
	request.timeout.ms = 30000
	retries = 2147483647
	retry.backoff.ms = 100
	sasl.client.callback.handler.class = null
	sasl.jaas.config = null
	sasl.kerberos.kinit.cmd = /usr/bin/kinit
	sasl.kerberos.min.time.before.relogin = 60000
	sasl.kerberos.service.name = null
	sasl.kerberos.ticket.renew.jitter = 0.05
	sasl.kerberos.ticket.renew.window.factor = 0.8
	sasl.login.callback.handler.class = null
	sasl.login.class = null
	sasl.login.connect.timeout.ms = null
	sasl.login.read.timeout.ms = null
	sasl.login.refresh.buffer.seconds = 300
	sasl.login.refresh.min.period.seconds = 60
	sasl.login.refresh.window.factor = 0.8
	sasl.login.refresh.window.jitter = 0.05
	sasl.login.retry.backoff.max.ms = 10000
	sasl.login.retry.backoff.ms = 100
	sasl.mechanism = GSSAPI
	sasl.oauthbearer.clock.skew.seconds = 30
	sasl.oauthbearer.expected.audience = null
	sasl.oauthbearer.expected.issuer = null
	sasl.oauthbearer.jwks.endpoint.refresh.ms = 3600000
	sasl.oauthbearer.jwks.endpoint.retry.backoff.max.ms = 10000
	sasl.oauthbearer.jwks.endpoint.retry.backoff.ms = 100
	sasl.oauthbearer.jwks.endpoint.url = null
	sasl.oauthbearer.scope.claim.name = scope
	sasl.oauthbearer.sub.claim.name = sub
	sasl.oauthbearer.token.endpoint.url = null
	security.protocol = PLAINTEXT
	security.providers = null
	send.buffer.bytes = 131072
	socket.connection.setup.timeout.max.ms = 30000
	socket.connection.setup.timeout.ms = 10000
	ssl.cipher.suites = null
	ssl.enabled.protocols = [TLSv1.2, TLSv1.3]
	ssl.endpoint.identification.algorithm = https
	ssl.engine.factory.class = null
	ssl.key.password = null
	ssl.keymanager.algorithm = SunX509
	ssl.keystore.certificate.chain = null
	ssl.keystore.key = null
	ssl.keystore.location = null
	ssl.keystore.password = null
	ssl.keystore.type = JKS
	ssl.protocol = TLSv1.3
	ssl.provider = null
	ssl.secure.random.implementation = null
	ssl.trustmanager.algorithm = PKIX
	ssl.truststore.certificates = null
	ssl.truststore.location = null
	ssl.truststore.password = null
	ssl.truststore.type = JKS
	transaction.timeout.ms = 60000
	transactional.id = null
	value.serializer = class org.apache.kafka.common.serialization.StringSerializer

12:14:11.415 [main           ] INFO  clients.producer.KafkaProducer - [Producer clientId=producer-4] Instantiated an idempotent producer.
12:14:11.418 [main           ] INFO  fka.common.utils.AppInfoParser - Kafka version: 3.6.2
12:14:11.418 [main           ] INFO  fka.common.utils.AppInfoParser - Kafka commitId: c4deed513057c94e
12:14:11.418 [main           ] INFO  fka.common.utils.AppInfoParser - Kafka startTimeMs: 1715591651417
12:14:11.418 [main           ] INFO  lSpringBootApplicationListener - Starting CamelMainRunController to ensure the main thread keeps running
12:14:11.419 [inRunController] INFO  .apache.camel.main.MainSupport - Apache Camel (Main) 4.5.0 is starting
12:14:11.427 [main           ] INFO  .component.kafka.KafkaConsumer - Starting Kafka consumer on topic: first-in with breakOnFirstError: false
12:14:11.433 [main           ] INFO  .component.kafka.KafkaConsumer - Starting Kafka consumer on topic: transform-terminate with breakOnFirstError: false
12:14:11.433 [main           ] INFO  .component.kafka.KafkaConsumer - Starting Kafka consumer on topic: transform-from with breakOnFirstError: false
12:14:11.434 [main           ] INFO  .component.kafka.KafkaConsumer - Starting Kafka consumer on topic: split-route with breakOnFirstError: false
12:14:11.435 [main           ] INFO  pl.engine.AbstractCamelContext - Routes startup (total:5)
12:14:11.435 [main           ] INFO  pl.engine.AbstractCamelContext -     Started FIRST_IN_LAST_OUT_ID (kafka://first-in)
12:14:11.435 [main           ] INFO  pl.engine.AbstractCamelContext -     Started FROM_TRANSFORM_TERMINATE_ID (kafka://transform-terminate)
12:14:11.435 [main           ] INFO  pl.engine.AbstractCamelContext -     Started FROM_TRANSFORM_TO_ID (kafka://transform-from)
12:14:11.435 [main           ] INFO  pl.engine.AbstractCamelContext -     Started DIRECT_OUT_TOPIC_ID (direct://inner-route)
12:14:11.435 [main           ] INFO  pl.engine.AbstractCamelContext -     Started SPLIT_ID (kafka://split-route)
12:14:11.435 [main           ] INFO  pl.engine.AbstractCamelContext - Apache Camel 4.5.0 (camel-1) started in 135ms (build:0ms init:0ms start:135ms)
12:14:11.439 [main           ] INFO  ple.deposit.DepositApplication - Started DepositApplication in 6.552 seconds (process running for 7.277)
12:14:11.439 [sumer[first-in]] INFO  ponent.kafka.KafkaFetchRecords - Connecting Kafka consumer thread ID first-in-Thread 0 with poll timeout of 5000 ms
12:14:11.439 [er[split-route]] INFO  ponent.kafka.KafkaFetchRecords - Connecting Kafka consumer thread ID split-route-Thread 0 with poll timeout of 5000 ms
12:14:11.439 [transform-from]] INFO  ponent.kafka.KafkaFetchRecords - Connecting Kafka consumer thread ID transform-from-Thread 0 with poll timeout of 5000 ms
12:14:11.439 [form-terminate]] INFO  ponent.kafka.KafkaFetchRecords - Connecting Kafka consumer thread ID transform-terminate-Thread 0 with poll timeout of 5000 ms
12:14:11.450 [form-terminate]] INFO  lients.consumer.ConsumerConfig - ConsumerConfig values: 
	allow.auto.create.topics = true
	auto.commit.interval.ms = 5000
	auto.include.jmx.reporter = true
	auto.offset.reset = latest
	bootstrap.servers = [localhost:29092]
	check.crcs = true
	client.dns.lookup = use_all_dns_ips
	client.id = consumer-deposit-app-4
	client.rack = 
	connections.max.idle.ms = 540000
	default.api.timeout.ms = 60000
	enable.auto.commit = true
	exclude.internal.topics = true
	fetch.max.bytes = 52428800
	fetch.max.wait.ms = 500
	fetch.min.bytes = 1
	group.id = deposit-app
	group.instance.id = null
	heartbeat.interval.ms = 3000
	interceptor.classes = []
	internal.leave.group.on.close = true
	internal.throw.on.fetch.stable.offset.unsupported = false
	isolation.level = read_uncommitted
	key.deserializer = class org.apache.kafka.common.serialization.StringDeserializer
	max.partition.fetch.bytes = 1048576
	max.poll.interval.ms = 300000
	max.poll.records = 500
	metadata.max.age.ms = 300000
	metric.reporters = []
	metrics.num.samples = 2
	metrics.recording.level = INFO
	metrics.sample.window.ms = 30000
	partition.assignment.strategy = [org.apache.kafka.clients.consumer.RangeAssignor]
	receive.buffer.bytes = 65536
	reconnect.backoff.max.ms = 1000
	reconnect.backoff.ms = 50
	request.timeout.ms = 30000
	retry.backoff.ms = 100
	sasl.client.callback.handler.class = null
	sasl.jaas.config = null
	sasl.kerberos.kinit.cmd = /usr/bin/kinit
	sasl.kerberos.min.time.before.relogin = 60000
	sasl.kerberos.service.name = null
	sasl.kerberos.ticket.renew.jitter = 0.05
	sasl.kerberos.ticket.renew.window.factor = 0.8
	sasl.login.callback.handler.class = null
	sasl.login.class = null
	sasl.login.connect.timeout.ms = null
	sasl.login.read.timeout.ms = null
	sasl.login.refresh.buffer.seconds = 300
	sasl.login.refresh.min.period.seconds = 60
	sasl.login.refresh.window.factor = 0.8
	sasl.login.refresh.window.jitter = 0.05
	sasl.login.retry.backoff.max.ms = 10000
	sasl.login.retry.backoff.ms = 100
	sasl.mechanism = GSSAPI
	sasl.oauthbearer.clock.skew.seconds = 30
	sasl.oauthbearer.expected.audience = null
	sasl.oauthbearer.expected.issuer = null
	sasl.oauthbearer.jwks.endpoint.refresh.ms = 3600000
	sasl.oauthbearer.jwks.endpoint.retry.backoff.max.ms = 10000
	sasl.oauthbearer.jwks.endpoint.retry.backoff.ms = 100
	sasl.oauthbearer.jwks.endpoint.url = null
	sasl.oauthbearer.scope.claim.name = scope
	sasl.oauthbearer.sub.claim.name = sub
	sasl.oauthbearer.token.endpoint.url = null
	security.protocol = PLAINTEXT
	security.providers = null
	send.buffer.bytes = 131072
	session.timeout.ms = 45000
	socket.connection.setup.timeout.max.ms = 30000
	socket.connection.setup.timeout.ms = 10000
	ssl.cipher.suites = null
	ssl.enabled.protocols = [TLSv1.2, TLSv1.3]
	ssl.endpoint.identification.algorithm = https
	ssl.engine.factory.class = null
	ssl.key.password = null
	ssl.keymanager.algorithm = SunX509
	ssl.keystore.certificate.chain = null
	ssl.keystore.key = null
	ssl.keystore.location = null
	ssl.keystore.password = null
	ssl.keystore.type = JKS
	ssl.protocol = TLSv1.3
	ssl.provider = null
	ssl.secure.random.implementation = null
	ssl.trustmanager.algorithm = PKIX
	ssl.truststore.certificates = null
	ssl.truststore.location = null
	ssl.truststore.password = null
	ssl.truststore.type = JKS
	value.deserializer = class org.apache.kafka.common.serialization.StringDeserializer

12:14:11.449 [er[split-route]] INFO  lients.consumer.ConsumerConfig - ConsumerConfig values: 
	allow.auto.create.topics = true
	auto.commit.interval.ms = 5000
	auto.include.jmx.reporter = true
	auto.offset.reset = latest
	bootstrap.servers = [localhost:29092]
	check.crcs = true
	client.dns.lookup = use_all_dns_ips
	client.id = consumer-deposit-app-3
	client.rack = 
	connections.max.idle.ms = 540000
	default.api.timeout.ms = 60000
	enable.auto.commit = true
	exclude.internal.topics = true
	fetch.max.bytes = 52428800
	fetch.max.wait.ms = 500
	fetch.min.bytes = 1
	group.id = deposit-app
	group.instance.id = null
	heartbeat.interval.ms = 3000
	interceptor.classes = []
	internal.leave.group.on.close = true
	internal.throw.on.fetch.stable.offset.unsupported = false
	isolation.level = read_uncommitted
	key.deserializer = class org.apache.kafka.common.serialization.StringDeserializer
	max.partition.fetch.bytes = 1048576
	max.poll.interval.ms = 300000
	max.poll.records = 500
	metadata.max.age.ms = 300000
	metric.reporters = []
	metrics.num.samples = 2
	metrics.recording.level = INFO
	metrics.sample.window.ms = 30000
	partition.assignment.strategy = [org.apache.kafka.clients.consumer.RangeAssignor]
	receive.buffer.bytes = 65536
	reconnect.backoff.max.ms = 1000
	reconnect.backoff.ms = 50
	request.timeout.ms = 30000
	retry.backoff.ms = 100
	sasl.client.callback.handler.class = null
	sasl.jaas.config = null
	sasl.kerberos.kinit.cmd = /usr/bin/kinit
	sasl.kerberos.min.time.before.relogin = 60000
	sasl.kerberos.service.name = null
	sasl.kerberos.ticket.renew.jitter = 0.05
	sasl.kerberos.ticket.renew.window.factor = 0.8
	sasl.login.callback.handler.class = null
	sasl.login.class = null
	sasl.login.connect.timeout.ms = null
	sasl.login.read.timeout.ms = null
	sasl.login.refresh.buffer.seconds = 300
	sasl.login.refresh.min.period.seconds = 60
	sasl.login.refresh.window.factor = 0.8
	sasl.login.refresh.window.jitter = 0.05
	sasl.login.retry.backoff.max.ms = 10000
	sasl.login.retry.backoff.ms = 100
	sasl.mechanism = GSSAPI
	sasl.oauthbearer.clock.skew.seconds = 30
	sasl.oauthbearer.expected.audience = null
	sasl.oauthbearer.expected.issuer = null
	sasl.oauthbearer.jwks.endpoint.refresh.ms = 3600000
	sasl.oauthbearer.jwks.endpoint.retry.backoff.max.ms = 10000
	sasl.oauthbearer.jwks.endpoint.retry.backoff.ms = 100
	sasl.oauthbearer.jwks.endpoint.url = null
	sasl.oauthbearer.scope.claim.name = scope
	sasl.oauthbearer.sub.claim.name = sub
	sasl.oauthbearer.token.endpoint.url = null
	security.protocol = PLAINTEXT
	security.providers = null
	send.buffer.bytes = 131072
	session.timeout.ms = 45000
	socket.connection.setup.timeout.max.ms = 30000
	socket.connection.setup.timeout.ms = 10000
	ssl.cipher.suites = null
	ssl.enabled.protocols = [TLSv1.2, TLSv1.3]
	ssl.endpoint.identification.algorithm = https
	ssl.engine.factory.class = null
	ssl.key.password = null
	ssl.keymanager.algorithm = SunX509
	ssl.keystore.certificate.chain = null
	ssl.keystore.key = null
	ssl.keystore.location = null
	ssl.keystore.password = null
	ssl.keystore.type = JKS
	ssl.protocol = TLSv1.3
	ssl.provider = null
	ssl.secure.random.implementation = null
	ssl.trustmanager.algorithm = PKIX
	ssl.truststore.certificates = null
	ssl.truststore.location = null
	ssl.truststore.password = null
	ssl.truststore.type = JKS
	value.deserializer = class org.apache.kafka.common.serialization.StringDeserializer

12:14:11.450 [sumer[first-in]] INFO  lients.consumer.ConsumerConfig - ConsumerConfig values: 
	allow.auto.create.topics = true
	auto.commit.interval.ms = 5000
	auto.include.jmx.reporter = true
	auto.offset.reset = latest
	bootstrap.servers = [localhost:29092]
	check.crcs = true
	client.dns.lookup = use_all_dns_ips
	client.id = consumer-deposit-app-1
	client.rack = 
	connections.max.idle.ms = 540000
	default.api.timeout.ms = 60000
	enable.auto.commit = true
	exclude.internal.topics = true
	fetch.max.bytes = 52428800
	fetch.max.wait.ms = 500
	fetch.min.bytes = 1
	group.id = deposit-app
	group.instance.id = null
	heartbeat.interval.ms = 3000
	interceptor.classes = []
	internal.leave.group.on.close = true
	internal.throw.on.fetch.stable.offset.unsupported = false
	isolation.level = read_uncommitted
	key.deserializer = class org.apache.kafka.common.serialization.StringDeserializer
	max.partition.fetch.bytes = 1048576
	max.poll.interval.ms = 300000
	max.poll.records = 500
	metadata.max.age.ms = 300000
	metric.reporters = []
	metrics.num.samples = 2
	metrics.recording.level = INFO
	metrics.sample.window.ms = 30000
	partition.assignment.strategy = [org.apache.kafka.clients.consumer.RangeAssignor]
	receive.buffer.bytes = 65536
	reconnect.backoff.max.ms = 1000
	reconnect.backoff.ms = 50
	request.timeout.ms = 30000
	retry.backoff.ms = 100
	sasl.client.callback.handler.class = null
	sasl.jaas.config = null
	sasl.kerberos.kinit.cmd = /usr/bin/kinit
	sasl.kerberos.min.time.before.relogin = 60000
	sasl.kerberos.service.name = null
	sasl.kerberos.ticket.renew.jitter = 0.05
	sasl.kerberos.ticket.renew.window.factor = 0.8
	sasl.login.callback.handler.class = null
	sasl.login.class = null
	sasl.login.connect.timeout.ms = null
	sasl.login.read.timeout.ms = null
	sasl.login.refresh.buffer.seconds = 300
	sasl.login.refresh.min.period.seconds = 60
	sasl.login.refresh.window.factor = 0.8
	sasl.login.refresh.window.jitter = 0.05
	sasl.login.retry.backoff.max.ms = 10000
	sasl.login.retry.backoff.ms = 100
	sasl.mechanism = GSSAPI
	sasl.oauthbearer.clock.skew.seconds = 30
	sasl.oauthbearer.expected.audience = null
	sasl.oauthbearer.expected.issuer = null
	sasl.oauthbearer.jwks.endpoint.refresh.ms = 3600000
	sasl.oauthbearer.jwks.endpoint.retry.backoff.max.ms = 10000
	sasl.oauthbearer.jwks.endpoint.retry.backoff.ms = 100
	sasl.oauthbearer.jwks.endpoint.url = null
	sasl.oauthbearer.scope.claim.name = scope
	sasl.oauthbearer.sub.claim.name = sub
	sasl.oauthbearer.token.endpoint.url = null
	security.protocol = PLAINTEXT
	security.providers = null
	send.buffer.bytes = 131072
	session.timeout.ms = 45000
	socket.connection.setup.timeout.max.ms = 30000
	socket.connection.setup.timeout.ms = 10000
	ssl.cipher.suites = null
	ssl.enabled.protocols = [TLSv1.2, TLSv1.3]
	ssl.endpoint.identification.algorithm = https
	ssl.engine.factory.class = null
	ssl.key.password = null
	ssl.keymanager.algorithm = SunX509
	ssl.keystore.certificate.chain = null
	ssl.keystore.key = null
	ssl.keystore.location = null
	ssl.keystore.password = null
	ssl.keystore.type = JKS
	ssl.protocol = TLSv1.3
	ssl.provider = null
	ssl.secure.random.implementation = null
	ssl.trustmanager.algorithm = PKIX
	ssl.truststore.certificates = null
	ssl.truststore.location = null
	ssl.truststore.password = null
	ssl.truststore.type = JKS
	value.deserializer = class org.apache.kafka.common.serialization.StringDeserializer

12:14:11.450 [transform-from]] INFO  lients.consumer.ConsumerConfig - ConsumerConfig values: 
	allow.auto.create.topics = true
	auto.commit.interval.ms = 5000
	auto.include.jmx.reporter = true
	auto.offset.reset = latest
	bootstrap.servers = [localhost:29092]
	check.crcs = true
	client.dns.lookup = use_all_dns_ips
	client.id = consumer-deposit-app-2
	client.rack = 
	connections.max.idle.ms = 540000
	default.api.timeout.ms = 60000
	enable.auto.commit = true
	exclude.internal.topics = true
	fetch.max.bytes = 52428800
	fetch.max.wait.ms = 500
	fetch.min.bytes = 1
	group.id = deposit-app
	group.instance.id = null
	heartbeat.interval.ms = 3000
	interceptor.classes = []
	internal.leave.group.on.close = true
	internal.throw.on.fetch.stable.offset.unsupported = false
	isolation.level = read_uncommitted
	key.deserializer = class org.apache.kafka.common.serialization.StringDeserializer
	max.partition.fetch.bytes = 1048576
	max.poll.interval.ms = 300000
	max.poll.records = 500
	metadata.max.age.ms = 300000
	metric.reporters = []
	metrics.num.samples = 2
	metrics.recording.level = INFO
	metrics.sample.window.ms = 30000
	partition.assignment.strategy = [org.apache.kafka.clients.consumer.RangeAssignor]
	receive.buffer.bytes = 65536
	reconnect.backoff.max.ms = 1000
	reconnect.backoff.ms = 50
	request.timeout.ms = 30000
	retry.backoff.ms = 100
	sasl.client.callback.handler.class = null
	sasl.jaas.config = null
	sasl.kerberos.kinit.cmd = /usr/bin/kinit
	sasl.kerberos.min.time.before.relogin = 60000
	sasl.kerberos.service.name = null
	sasl.kerberos.ticket.renew.jitter = 0.05
	sasl.kerberos.ticket.renew.window.factor = 0.8
	sasl.login.callback.handler.class = null
	sasl.login.class = null
	sasl.login.connect.timeout.ms = null
	sasl.login.read.timeout.ms = null
	sasl.login.refresh.buffer.seconds = 300
	sasl.login.refresh.min.period.seconds = 60
	sasl.login.refresh.window.factor = 0.8
	sasl.login.refresh.window.jitter = 0.05
	sasl.login.retry.backoff.max.ms = 10000
	sasl.login.retry.backoff.ms = 100
	sasl.mechanism = GSSAPI
	sasl.oauthbearer.clock.skew.seconds = 30
	sasl.oauthbearer.expected.audience = null
	sasl.oauthbearer.expected.issuer = null
	sasl.oauthbearer.jwks.endpoint.refresh.ms = 3600000
	sasl.oauthbearer.jwks.endpoint.retry.backoff.max.ms = 10000
	sasl.oauthbearer.jwks.endpoint.retry.backoff.ms = 100
	sasl.oauthbearer.jwks.endpoint.url = null
	sasl.oauthbearer.scope.claim.name = scope
	sasl.oauthbearer.sub.claim.name = sub
	sasl.oauthbearer.token.endpoint.url = null
	security.protocol = PLAINTEXT
	security.providers = null
	send.buffer.bytes = 131072
	session.timeout.ms = 45000
	socket.connection.setup.timeout.max.ms = 30000
	socket.connection.setup.timeout.ms = 10000
	ssl.cipher.suites = null
	ssl.enabled.protocols = [TLSv1.2, TLSv1.3]
	ssl.endpoint.identification.algorithm = https
	ssl.engine.factory.class = null
	ssl.key.password = null
	ssl.keymanager.algorithm = SunX509
	ssl.keystore.certificate.chain = null
	ssl.keystore.key = null
	ssl.keystore.location = null
	ssl.keystore.password = null
	ssl.keystore.type = JKS
	ssl.protocol = TLSv1.3
	ssl.provider = null
	ssl.secure.random.implementation = null
	ssl.trustmanager.algorithm = PKIX
	ssl.truststore.certificates = null
	ssl.truststore.location = null
	ssl.truststore.password = null
	ssl.truststore.type = JKS
	value.deserializer = class org.apache.kafka.common.serialization.StringDeserializer

12:14:11.506 [er[split-route]] INFO  fka.common.utils.AppInfoParser - Kafka version: 3.6.2
12:14:11.507 [er[split-route]] INFO  fka.common.utils.AppInfoParser - Kafka commitId: c4deed513057c94e
12:14:11.507 [er[split-route]] INFO  fka.common.utils.AppInfoParser - Kafka startTimeMs: 1715591651506
12:14:11.507 [sumer[first-in]] INFO  fka.common.utils.AppInfoParser - Kafka version: 3.6.2
12:14:11.507 [sumer[first-in]] INFO  fka.common.utils.AppInfoParser - Kafka commitId: c4deed513057c94e
12:14:11.507 [sumer[first-in]] INFO  fka.common.utils.AppInfoParser - Kafka startTimeMs: 1715591651507
12:14:11.507 [transform-from]] INFO  fka.common.utils.AppInfoParser - Kafka version: 3.6.2
12:14:11.507 [transform-from]] INFO  fka.common.utils.AppInfoParser - Kafka commitId: c4deed513057c94e
12:14:11.507 [transform-from]] INFO  fka.common.utils.AppInfoParser - Kafka startTimeMs: 1715591651507
12:14:11.507 [form-terminate]] INFO  fka.common.utils.AppInfoParser - Kafka version: 3.6.2
12:14:11.507 [form-terminate]] INFO  fka.common.utils.AppInfoParser - Kafka commitId: c4deed513057c94e
12:14:11.507 [form-terminate]] INFO  fka.common.utils.AppInfoParser - Kafka startTimeMs: 1715591651507
12:14:11.515 [sumer[first-in]] INFO  lassic.AssignmentAdapterHelper - Using NO-OP resume strategy
12:14:11.515 [form-terminate]] INFO  lassic.AssignmentAdapterHelper - Using NO-OP resume strategy
12:14:11.515 [transform-from]] INFO  lassic.AssignmentAdapterHelper - Using NO-OP resume strategy
12:14:11.515 [form-terminate]] INFO  ponent.kafka.KafkaFetchRecords - Subscribing transform-terminate-Thread 0 to topic transform-terminate
12:14:11.515 [sumer[first-in]] INFO  ponent.kafka.KafkaFetchRecords - Subscribing first-in-Thread 0 to topic first-in
12:14:11.515 [er[split-route]] INFO  lassic.AssignmentAdapterHelper - Using NO-OP resume strategy
12:14:11.515 [er[split-route]] INFO  ponent.kafka.KafkaFetchRecords - Subscribing split-route-Thread 0 to topic split-route
12:14:11.515 [transform-from]] INFO  ponent.kafka.KafkaFetchRecords - Subscribing transform-from-Thread 0 to topic transform-from
12:14:11.515 [er[split-route]] INFO  clients.consumer.KafkaConsumer - [Consumer clientId=consumer-deposit-app-3, groupId=deposit-app] Subscribed to topic(s): split-route
12:14:11.515 [transform-from]] INFO  clients.consumer.KafkaConsumer - [Consumer clientId=consumer-deposit-app-2, groupId=deposit-app] Subscribed to topic(s): transform-from
12:14:11.515 [sumer[first-in]] INFO  clients.consumer.KafkaConsumer - [Consumer clientId=consumer-deposit-app-1, groupId=deposit-app] Subscribed to topic(s): first-in
12:14:11.515 [form-terminate]] INFO  clients.consumer.KafkaConsumer - [Consumer clientId=consumer-deposit-app-4, groupId=deposit-app] Subscribed to topic(s): transform-terminate
12:14:11.877 [ad | producer-2] INFO  .apache.kafka.clients.Metadata - [Producer clientId=producer-2] Cluster ID: K453O716TheA29rMFXp3-w
12:14:11.877 [ad | producer-4] INFO  .apache.kafka.clients.Metadata - [Producer clientId=producer-4] Cluster ID: K453O716TheA29rMFXp3-w
12:14:11.877 [ad | producer-1] INFO  .apache.kafka.clients.Metadata - [Producer clientId=producer-1] Cluster ID: K453O716TheA29rMFXp3-w
12:14:11.877 [ad | producer-3] INFO  .apache.kafka.clients.Metadata - [Producer clientId=producer-3] Cluster ID: K453O716TheA29rMFXp3-w
12:14:11.878 [ad | producer-2] INFO  r.internals.TransactionManager - [Producer clientId=producer-2] ProducerId set to 25 with epoch 0
12:14:11.878 [transform-from]] INFO  .apache.kafka.clients.Metadata - [Consumer clientId=consumer-deposit-app-2, groupId=deposit-app] Cluster ID: K453O716TheA29rMFXp3-w
12:14:11.878 [ad | producer-3] INFO  r.internals.TransactionManager - [Producer clientId=producer-3] ProducerId set to 26 with epoch 0
12:14:11.878 [form-terminate]] INFO  .apache.kafka.clients.Metadata - [Consumer clientId=consumer-deposit-app-4, groupId=deposit-app] Cluster ID: K453O716TheA29rMFXp3-w
12:14:11.878 [ad | producer-1] INFO  r.internals.TransactionManager - [Producer clientId=producer-1] ProducerId set to 24 with epoch 0
12:14:11.878 [ad | producer-4] INFO  r.internals.TransactionManager - [Producer clientId=producer-4] ProducerId set to 23 with epoch 0
12:14:11.878 [er[split-route]] INFO  .apache.kafka.clients.Metadata - [Consumer clientId=consumer-deposit-app-3, groupId=deposit-app] Cluster ID: K453O716TheA29rMFXp3-w
12:14:11.878 [sumer[first-in]] INFO  .apache.kafka.clients.Metadata - [Consumer clientId=consumer-deposit-app-1, groupId=deposit-app] Cluster ID: K453O716TheA29rMFXp3-w
12:14:11.879 [form-terminate]] INFO  .internals.ConsumerCoordinator - [Consumer clientId=consumer-deposit-app-4, groupId=deposit-app] Discovered group coordinator localhost:29092 (id: 2147483646 rack: null)
12:14:11.879 [er[split-route]] INFO  .internals.ConsumerCoordinator - [Consumer clientId=consumer-deposit-app-3, groupId=deposit-app] Discovered group coordinator localhost:29092 (id: 2147483646 rack: null)
12:14:11.879 [sumer[first-in]] INFO  .internals.ConsumerCoordinator - [Consumer clientId=consumer-deposit-app-1, groupId=deposit-app] Discovered group coordinator localhost:29092 (id: 2147483646 rack: null)
12:14:11.879 [transform-from]] INFO  .internals.ConsumerCoordinator - [Consumer clientId=consumer-deposit-app-2, groupId=deposit-app] Discovered group coordinator localhost:29092 (id: 2147483646 rack: null)
12:14:11.884 [er[split-route]] INFO  .internals.ConsumerCoordinator - [Consumer clientId=consumer-deposit-app-3, groupId=deposit-app] (Re-)joining group
12:14:11.884 [sumer[first-in]] INFO  .internals.ConsumerCoordinator - [Consumer clientId=consumer-deposit-app-1, groupId=deposit-app] (Re-)joining group
12:14:11.884 [form-terminate]] INFO  .internals.ConsumerCoordinator - [Consumer clientId=consumer-deposit-app-4, groupId=deposit-app] (Re-)joining group
12:14:11.884 [transform-from]] INFO  .internals.ConsumerCoordinator - [Consumer clientId=consumer-deposit-app-2, groupId=deposit-app] (Re-)joining group
12:14:11.896 [sumer[first-in]] INFO  .internals.ConsumerCoordinator - [Consumer clientId=consumer-deposit-app-1, groupId=deposit-app] Request joining group due to: need to re-join with the given member-id: consumer-deposit-app-1-e0f89ef4-bd4c-4c1d-b36b-12e7a379b47a
12:14:11.896 [form-terminate]] INFO  .internals.ConsumerCoordinator - [Consumer clientId=consumer-deposit-app-4, groupId=deposit-app] Request joining group due to: need to re-join with the given member-id: consumer-deposit-app-4-293c6d36-7ec1-4a7f-a830-c2c762effd8d
12:14:11.896 [transform-from]] INFO  .internals.ConsumerCoordinator - [Consumer clientId=consumer-deposit-app-2, groupId=deposit-app] Request joining group due to: need to re-join with the given member-id: consumer-deposit-app-2-50ecd2ba-ae56-4a2a-99f6-e9912641b762
12:14:11.896 [er[split-route]] INFO  .internals.ConsumerCoordinator - [Consumer clientId=consumer-deposit-app-3, groupId=deposit-app] Request joining group due to: need to re-join with the given member-id: consumer-deposit-app-3-5294f2e7-202b-47eb-989f-a9485ce109a6
12:14:11.896 [sumer[first-in]] INFO  .internals.ConsumerCoordinator - [Consumer clientId=consumer-deposit-app-1, groupId=deposit-app] Request joining group due to: rebalance failed due to 'The group member needs to have a valid member id before actually entering a consumer group.' (MemberIdRequiredException)
12:14:11.896 [form-terminate]] INFO  .internals.ConsumerCoordinator - [Consumer clientId=consumer-deposit-app-4, groupId=deposit-app] Request joining group due to: rebalance failed due to 'The group member needs to have a valid member id before actually entering a consumer group.' (MemberIdRequiredException)
12:14:11.896 [sumer[first-in]] INFO  .internals.ConsumerCoordinator - [Consumer clientId=consumer-deposit-app-1, groupId=deposit-app] (Re-)joining group
12:14:11.896 [transform-from]] INFO  .internals.ConsumerCoordinator - [Consumer clientId=consumer-deposit-app-2, groupId=deposit-app] Request joining group due to: rebalance failed due to 'The group member needs to have a valid member id before actually entering a consumer group.' (MemberIdRequiredException)
12:14:11.896 [form-terminate]] INFO  .internals.ConsumerCoordinator - [Consumer clientId=consumer-deposit-app-4, groupId=deposit-app] (Re-)joining group
12:14:11.896 [er[split-route]] INFO  .internals.ConsumerCoordinator - [Consumer clientId=consumer-deposit-app-3, groupId=deposit-app] Request joining group due to: rebalance failed due to 'The group member needs to have a valid member id before actually entering a consumer group.' (MemberIdRequiredException)
12:14:11.896 [transform-from]] INFO  .internals.ConsumerCoordinator - [Consumer clientId=consumer-deposit-app-2, groupId=deposit-app] (Re-)joining group
12:14:11.897 [er[split-route]] INFO  .internals.ConsumerCoordinator - [Consumer clientId=consumer-deposit-app-3, groupId=deposit-app] (Re-)joining group
12:14:11.953 [3)-172.17.208.1] INFO  rBase.[Tomcat].[localhost].[/] - Initializing Spring DispatcherServlet 'dispatcherServlet'
12:14:11.953 [3)-172.17.208.1] INFO  .web.servlet.DispatcherServlet - Initializing Servlet 'dispatcherServlet'
12:14:11.954 [3)-172.17.208.1] INFO  .web.servlet.DispatcherServlet - Completed initialization in 1 ms
12:14:41.373 [sumer[first-in]] INFO  .internals.ConsumerCoordinator - [Consumer clientId=consumer-deposit-app-1, groupId=deposit-app] Successfully joined group with generation Generation{generationId=49, memberId='consumer-deposit-app-1-e0f89ef4-bd4c-4c1d-b36b-12e7a379b47a', protocol='range'}
12:14:41.373 [transform-from]] INFO  .internals.ConsumerCoordinator - [Consumer clientId=consumer-deposit-app-2, groupId=deposit-app] Successfully joined group with generation Generation{generationId=49, memberId='consumer-deposit-app-2-50ecd2ba-ae56-4a2a-99f6-e9912641b762', protocol='range'}
12:14:41.373 [er[split-route]] INFO  .internals.ConsumerCoordinator - [Consumer clientId=consumer-deposit-app-3, groupId=deposit-app] Successfully joined group with generation Generation{generationId=49, memberId='consumer-deposit-app-3-5294f2e7-202b-47eb-989f-a9485ce109a6', protocol='range'}
12:14:41.373 [form-terminate]] INFO  .internals.ConsumerCoordinator - [Consumer clientId=consumer-deposit-app-4, groupId=deposit-app] Successfully joined group with generation Generation{generationId=49, memberId='consumer-deposit-app-4-293c6d36-7ec1-4a7f-a830-c2c762effd8d', protocol='range'}
12:14:41.415 [sumer[first-in]] INFO  .internals.ConsumerCoordinator - [Consumer clientId=consumer-deposit-app-1, groupId=deposit-app] Finished assignment for group at generation 49: {consumer-deposit-app-1-e0f89ef4-bd4c-4c1d-b36b-12e7a379b47a=Assignment(partitions=[first-in-0]), consumer-deposit-app-3-5294f2e7-202b-47eb-989f-a9485ce109a6=Assignment(partitions=[split-route-0]), consumer-deposit-app-4-293c6d36-7ec1-4a7f-a830-c2c762effd8d=Assignment(partitions=[transform-terminate-0]), consumer-deposit-app-2-50ecd2ba-ae56-4a2a-99f6-e9912641b762=Assignment(partitions=[transform-from-0])}
12:14:41.419 [transform-from]] INFO  .internals.ConsumerCoordinator - [Consumer clientId=consumer-deposit-app-2, groupId=deposit-app] Successfully synced group in generation Generation{generationId=49, memberId='consumer-deposit-app-2-50ecd2ba-ae56-4a2a-99f6-e9912641b762', protocol='range'}
12:14:41.419 [form-terminate]] INFO  .internals.ConsumerCoordinator - [Consumer clientId=consumer-deposit-app-4, groupId=deposit-app] Successfully synced group in generation Generation{generationId=49, memberId='consumer-deposit-app-4-293c6d36-7ec1-4a7f-a830-c2c762effd8d', protocol='range'}
12:14:41.419 [er[split-route]] INFO  .internals.ConsumerCoordinator - [Consumer clientId=consumer-deposit-app-3, groupId=deposit-app] Successfully synced group in generation Generation{generationId=49, memberId='consumer-deposit-app-3-5294f2e7-202b-47eb-989f-a9485ce109a6', protocol='range'}
12:14:41.420 [sumer[first-in]] INFO  .internals.ConsumerCoordinator - [Consumer clientId=consumer-deposit-app-1, groupId=deposit-app] Successfully synced group in generation Generation{generationId=49, memberId='consumer-deposit-app-1-e0f89ef4-bd4c-4c1d-b36b-12e7a379b47a', protocol='range'}
12:14:41.420 [er[split-route]] INFO  .internals.ConsumerCoordinator - [Consumer clientId=consumer-deposit-app-3, groupId=deposit-app] Notifying assignor about the new Assignment(partitions=[split-route-0])
12:14:41.420 [form-terminate]] INFO  .internals.ConsumerCoordinator - [Consumer clientId=consumer-deposit-app-4, groupId=deposit-app] Notifying assignor about the new Assignment(partitions=[transform-terminate-0])
12:14:41.420 [transform-from]] INFO  .internals.ConsumerCoordinator - [Consumer clientId=consumer-deposit-app-2, groupId=deposit-app] Notifying assignor about the new Assignment(partitions=[transform-from-0])
12:14:41.420 [sumer[first-in]] INFO  .internals.ConsumerCoordinator - [Consumer clientId=consumer-deposit-app-1, groupId=deposit-app] Notifying assignor about the new Assignment(partitions=[first-in-0])
12:14:41.422 [er[split-route]] INFO  .internals.ConsumerCoordinator - [Consumer clientId=consumer-deposit-app-3, groupId=deposit-app] Adding newly assigned partitions: split-route-0
12:14:41.422 [sumer[first-in]] INFO  .internals.ConsumerCoordinator - [Consumer clientId=consumer-deposit-app-1, groupId=deposit-app] Adding newly assigned partitions: first-in-0
12:14:41.423 [transform-from]] INFO  .internals.ConsumerCoordinator - [Consumer clientId=consumer-deposit-app-2, groupId=deposit-app] Adding newly assigned partitions: transform-from-0
12:14:41.423 [form-terminate]] INFO  .internals.ConsumerCoordinator - [Consumer clientId=consumer-deposit-app-4, groupId=deposit-app] Adding newly assigned partitions: transform-terminate-0
12:14:41.437 [sumer[first-in]] INFO  .internals.ConsumerCoordinator - [Consumer clientId=consumer-deposit-app-1, groupId=deposit-app] Setting offset for partition first-in-0 to the committed offset FetchPosition{offset=5, offsetEpoch=Optional[0], currentLeader=LeaderAndEpoch{leader=Optional[localhost:29092 (id: 1 rack: null)], epoch=0}}
12:14:41.437 [form-terminate]] INFO  .internals.ConsumerCoordinator - [Consumer clientId=consumer-deposit-app-4, groupId=deposit-app] Setting offset for partition transform-terminate-0 to the committed offset FetchPosition{offset=0, offsetEpoch=Optional.empty, currentLeader=LeaderAndEpoch{leader=Optional[localhost:29092 (id: 1 rack: null)], epoch=0}}
12:14:41.437 [er[split-route]] INFO  .internals.ConsumerCoordinator - [Consumer clientId=consumer-deposit-app-3, groupId=deposit-app] Setting offset for partition split-route-0 to the committed offset FetchPosition{offset=0, offsetEpoch=Optional.empty, currentLeader=LeaderAndEpoch{leader=Optional[localhost:29092 (id: 1 rack: null)], epoch=0}}
12:14:41.437 [transform-from]] INFO  .internals.ConsumerCoordinator - [Consumer clientId=consumer-deposit-app-2, groupId=deposit-app] Setting offset for partition transform-from-0 to the committed offset FetchPosition{offset=0, offsetEpoch=Optional.empty, currentLeader=LeaderAndEpoch{leader=Optional[localhost:29092 (id: 1 rack: null)], epoch=0}}
